This is pdfTeX, Version 3.14159265-2.6-1.40.20 (TeX Live 2019/Debian) (preloaded format=pdflatex 2021.1.20)  29 APR 2021 12:18
entering extended mode
 \write18 enabled.
 %&-line parsing enabled.
**ms.tex
(./ms.tex
LaTeX2e <2020-02-02> patch level 2
L3 programming layer <2020-02-14>
(/usr/share/texlive/texmf-dist/tex/latex/base/article.cls
Document Class: article 2019/12/20 v1.4l Standard LaTeX document class
(/usr/share/texlive/texmf-dist/tex/latex/base/size10.clo
File: size10.clo 2019/12/20 v1.4l Standard LaTeX file (size option)
)
\c@part=\count167
\c@section=\count168
\c@subsection=\count169
\c@subsubsection=\count170
\c@paragraph=\count171
\c@subparagraph=\count172
\c@figure=\count173
\c@table=\count174
\abovecaptionskip=\skip47
\belowcaptionskip=\skip48
\bibindent=\dimen134
)
(/usr/share/texlive/texmf-dist/tex/latex/base/fontenc.sty
Package: fontenc 2020/02/11 v2.0o Standard LaTeX package
)
(/usr/share/texlive/texmf-dist/tex/latex/graphics/graphicx.sty
Package: graphicx 2019/11/30 v1.2a Enhanced LaTeX Graphics (DPC,SPQR)

(/usr/share/texlive/texmf-dist/tex/latex/graphics/keyval.sty
Package: keyval 2014/10/28 v1.15 key=value parser (DPC)
\KV@toks@=\toks14
)
(/usr/share/texlive/texmf-dist/tex/latex/graphics/graphics.sty
Package: graphics 2019/11/30 v1.4a Standard LaTeX Graphics (DPC,SPQR)

(/usr/share/texlive/texmf-dist/tex/latex/graphics/trig.sty
Package: trig 2016/01/03 v1.10 sin cos tan (DPC)
)
(/usr/share/texlive/texmf-dist/tex/latex/graphics-cfg/graphics.cfg
File: graphics.cfg 2016/06/04 v1.11 sample graphics configuration
)
Package graphics Info: Driver file: pdftex.def on input line 105.

(/usr/share/texlive/texmf-dist/tex/latex/graphics-def/pdftex.def
File: pdftex.def 2018/01/08 v1.0l Graphics/color driver for pdftex
))
\Gin@req@height=\dimen135
\Gin@req@width=\dimen136
)
(/usr/share/texlive/texmf-dist/tex/latex/hyperref/hyperref.sty
Package: hyperref 2020/01/14 v7.00d Hypertext links for LaTeX

(/usr/share/texlive/texmf-dist/tex/generic/ltxcmds/ltxcmds.sty
Package: ltxcmds 2019/12/15 v1.24 LaTeX kernel commands for general use (HO)
)
(/usr/share/texlive/texmf-dist/tex/generic/iftex/iftex.sty
Package: iftex 2019/11/07 v1.0c TeX engine tests
)
(/usr/share/texlive/texmf-dist/tex/latex/pdftexcmds/pdftexcmds.sty
Package: pdftexcmds 2019/11/24 v0.31 Utility functions of pdfTeX for LuaTeX (HO
)

(/usr/share/texlive/texmf-dist/tex/generic/infwarerr/infwarerr.sty
Package: infwarerr 2019/12/03 v1.5 Providing info/warning/error messages (HO)
)
Package pdftexcmds Info: \pdf@primitive is available.
Package pdftexcmds Info: \pdf@ifprimitive is available.
Package pdftexcmds Info: \pdfdraftmode found.
)
(/usr/share/texlive/texmf-dist/tex/generic/kvsetkeys/kvsetkeys.sty
Package: kvsetkeys 2019/12/15 v1.18 Key value parser (HO)
)
(/usr/share/texlive/texmf-dist/tex/generic/kvdefinekeys/kvdefinekeys.sty
Package: kvdefinekeys 2019-12-19 v1.6 Define keys (HO)
)
(/usr/share/texlive/texmf-dist/tex/generic/pdfescape/pdfescape.sty
Package: pdfescape 2019/12/09 v1.15 Implements pdfTeX's escape features (HO)
)
(/usr/share/texlive/texmf-dist/tex/latex/hycolor/hycolor.sty
Package: hycolor 2020-01-27 v1.10 Color options for hyperref/bookmark (HO)
)
(/usr/share/texlive/texmf-dist/tex/latex/letltxmacro/letltxmacro.sty
Package: letltxmacro 2019/12/03 v1.6 Let assignment for LaTeX macros (HO)
)
(/usr/share/texlive/texmf-dist/tex/latex/auxhook/auxhook.sty
Package: auxhook 2019-12-17 v1.6 Hooks for auxiliary files (HO)
)
(/usr/share/texlive/texmf-dist/tex/latex/kvoptions/kvoptions.sty
Package: kvoptions 2019/11/29 v3.13 Key value format for package options (HO)
)
\@linkdim=\dimen137
\Hy@linkcounter=\count175
\Hy@pagecounter=\count176

(/usr/share/texlive/texmf-dist/tex/latex/hyperref/pd1enc.def
File: pd1enc.def 2020/01/14 v7.00d Hyperref: PDFDocEncoding definition (HO)
Now handling font encoding PD1 ...
... no UTF-8 mapping file for font encoding PD1
)
(/usr/share/texlive/texmf-dist/tex/generic/intcalc/intcalc.sty
Package: intcalc 2019/12/15 v1.3 Expandable calculations with integers (HO)
)
(/usr/share/texlive/texmf-dist/tex/generic/etexcmds/etexcmds.sty
Package: etexcmds 2019/12/15 v1.7 Avoid name clashes with e-TeX commands (HO)
)
\Hy@SavedSpaceFactor=\count177
\pdfmajorversion=\count178
Package hyperref Info: Option `colorlinks' set `true' on input line 4421.
Package hyperref Info: Hyper figures OFF on input line 4547.
Package hyperref Info: Link nesting OFF on input line 4552.
Package hyperref Info: Hyper index ON on input line 4555.
Package hyperref Info: Plain pages OFF on input line 4562.
Package hyperref Info: Backreferencing OFF on input line 4567.
Package hyperref Info: Implicit mode ON; LaTeX internals redefined.
Package hyperref Info: Bookmarks ON on input line 4800.
\c@Hy@tempcnt=\count179

(/usr/share/texlive/texmf-dist/tex/latex/url/url.sty
\Urlmuskip=\muskip16
Package: url 2013/09/16  ver 3.4  Verb mode for urls, etc.
)
LaTeX Info: Redefining \url on input line 5159.
\XeTeXLinkMargin=\dimen138

(/usr/share/texlive/texmf-dist/tex/generic/bitset/bitset.sty
Package: bitset 2019/12/09 v1.3 Handle bit-vector datatype (HO)

(/usr/share/texlive/texmf-dist/tex/generic/bigintcalc/bigintcalc.sty
Package: bigintcalc 2019/12/15 v1.5 Expandable calculations on big integers (HO
)
))
\Fld@menulength=\count180
\Field@Width=\dimen139
\Fld@charsize=\dimen140
Package hyperref Info: Hyper figures OFF on input line 6430.
Package hyperref Info: Link nesting OFF on input line 6435.
Package hyperref Info: Hyper index ON on input line 6438.
Package hyperref Info: backreferencing OFF on input line 6445.
Package hyperref Info: Link coloring ON on input line 6448.
Package hyperref Info: Link coloring with OCG OFF on input line 6455.
Package hyperref Info: PDF/A mode OFF on input line 6460.
LaTeX Info: Redefining \ref on input line 6500.
LaTeX Info: Redefining \pageref on input line 6504.

(/usr/share/texlive/texmf-dist/tex/generic/atbegshi/atbegshi.sty
Package: atbegshi 2019/12/05 v1.19 At begin shipout hook (HO)
)
\Hy@abspage=\count181
\c@Item=\count182
\c@Hfootnote=\count183
)
Package hyperref Info: Driver (autodetected): hpdftex.

(/usr/share/texlive/texmf-dist/tex/latex/hyperref/hpdftex.def
File: hpdftex.def 2020/01/14 v7.00d Hyperref driver for pdfTeX

(/usr/share/texlive/texmf-dist/tex/latex/atveryend/atveryend.sty
Package: atveryend 2019-12-11 v1.11 Hooks at the very end of document (HO)
Package atveryend Info: \enddocument detected (standard20110627).
)
\Fld@listcount=\count184
\c@bookmark@seq@number=\count185

(/usr/share/texlive/texmf-dist/tex/latex/rerunfilecheck/rerunfilecheck.sty
Package: rerunfilecheck 2019/12/05 v1.9 Rerun checks for auxiliary files (HO)

(/usr/share/texlive/texmf-dist/tex/generic/uniquecounter/uniquecounter.sty
Package: uniquecounter 2019/12/15 v1.4 Provide unlimited unique counter (HO)
)
Package uniquecounter Info: New unique counter `rerunfilecheck' on input line 2
86.
)
\Hy@SectionHShift=\skip49
)
(/usr/share/texlive/texmf-dist/tex/latex/natbib/natbib.sty
Package: natbib 2010/09/13 8.31b (PWD, AO)
\bibhang=\skip50
\bibsep=\skip51
LaTeX Info: Redefining \cite on input line 694.
\c@NAT@ctr=\count186
)
(/usr/share/texlive/texmf-dist/tex/latex/l3backend/l3backend-pdfmode.def
File: l3backend-pdfmode.def 2020-02-03 L3 backend support: PDF mode
\l__kernel_color_stack_int=\count187
\l__pdf_internal_box=\box45
)
(./ms.aux (./Materials.aux) (./Methods.aux))
\openout1 = `ms.aux'.

LaTeX Font Info:    Checking defaults for OML/cmm/m/it on input line 12.
LaTeX Font Info:    ... okay on input line 12.
LaTeX Font Info:    Checking defaults for OMS/cmsy/m/n on input line 12.
LaTeX Font Info:    ... okay on input line 12.
LaTeX Font Info:    Checking defaults for OT1/cmr/m/n on input line 12.
LaTeX Font Info:    ... okay on input line 12.
LaTeX Font Info:    Checking defaults for T1/cmr/m/n on input line 12.
LaTeX Font Info:    ... okay on input line 12.
LaTeX Font Info:    Checking defaults for TS1/cmr/m/n on input line 12.
LaTeX Font Info:    ... okay on input line 12.
LaTeX Font Info:    Checking defaults for OMX/cmex/m/n on input line 12.
LaTeX Font Info:    ... okay on input line 12.
LaTeX Font Info:    Checking defaults for U/cmr/m/n on input line 12.
LaTeX Font Info:    ... okay on input line 12.
LaTeX Font Info:    Checking defaults for PD1/pdf/m/n on input line 12.
LaTeX Font Info:    ... okay on input line 12.

(/usr/share/texlive/texmf-dist/tex/context/base/mkii/supp-pdf.mkii
[Loading MPS to PDF converter (version 2006.09.02).]
\scratchcounter=\count188
\scratchdimen=\dimen141
\scratchbox=\box46
\nofMPsegments=\count189
\nofMParguments=\count190
\everyMPshowfont=\toks15
\MPscratchCnt=\count191
\MPscratchDim=\dimen142
\MPnumerator=\count192
\makeMPintoPDFobject=\count193
\everyMPtoPDFconversion=\toks16
) (/usr/share/texlive/texmf-dist/tex/latex/epstopdf-pkg/epstopdf-base.sty
Package: epstopdf-base 2020-01-24 v2.11 Base part for package epstopdf

(/usr/share/texlive/texmf-dist/tex/latex/grfext/grfext.sty
Package: grfext 2019/12/03 v1.3 Manage graphics extensions (HO)
)
Package epstopdf-base Info: Redefining graphics rule for `.eps' on input line 4
85.
Package grfext Info: Graphics extension search list:
(grfext)             [.pdf,.png,.jpg,.mps,.jpeg,.jbig2,.jb2,.PDF,.PNG,.JPG,.JPE
G,.JBIG2,.JB2,.eps]
(grfext)             \AppendGraphicsExtensions on input line 504.

(/usr/share/texlive/texmf-dist/tex/latex/latexconfig/epstopdf-sys.cfg
File: epstopdf-sys.cfg 2010/07/13 v1.3 Configuration of (r)epstopdf for TeX Liv
e
))
\AtBeginShipoutBox=\box47

(/usr/share/texlive/texmf-dist/tex/latex/graphics/color.sty
Package: color 2019/11/23 v1.2a Standard LaTeX Color (DPC)

(/usr/share/texlive/texmf-dist/tex/latex/graphics-cfg/color.cfg
File: color.cfg 2016/01/02 v1.6 sample color configuration
)
Package color Info: Driver file: pdftex.def on input line 147.
)
Package hyperref Info: Link coloring ON on input line 12.

(/usr/share/texlive/texmf-dist/tex/latex/hyperref/nameref.sty
Package: nameref 2019/09/16 v2.46 Cross-referencing by name of section

(/usr/share/texlive/texmf-dist/tex/latex/refcount/refcount.sty
Package: refcount 2019/12/15 v3.6 Data extraction from label references (HO)
)
(/usr/share/texlive/texmf-dist/tex/generic/gettitlestring/gettitlestring.sty
Package: gettitlestring 2019/12/15 v1.6 Cleanup title references (HO)
)
\c@section@level=\count194
)
LaTeX Info: Redefining \ref on input line 12.
LaTeX Info: Redefining \pageref on input line 12.
LaTeX Info: Redefining \nameref on input line 12.

(./ms.out) (./ms.out)
\@outlinefile=\write3
\openout3 = `ms.out'.

LaTeX Font Info:    External font `cmex10' loaded for size
(Font)              <12> on input line 15.
LaTeX Font Info:    External font `cmex10' loaded for size
(Font)              <8> on input line 15.
LaTeX Font Info:    External font `cmex10' loaded for size
(Font)              <6> on input line 15.
 [1

{/var/lib/texmf/fonts/map/pdftex/updmap/pdftex.map}]
(./figures/fig1.tex
<misc/workflow.png, id=178, 529.98pt x 719.68875pt>
File: misc/workflow.png Graphic file (type png)
<use misc/workflow.png>
Package pdftex.def Info: misc/workflow.png  used on input line 4.
(pdftex.def)             Requested size: 241.49895pt x 327.94208pt.
) [2 <./misc/workflow.png>] [3]
\openout2 = `Materials.aux'.

 (./Materials.tex
LaTeX Font Info:    Trying to load font information for T1+cmtt on input line 1
8.

(/usr/share/texlive/texmf-dist/tex/latex/base/t1cmtt.fd
File: t1cmtt.fd 2019/12/16 v2.5j Standard LaTeX font definitions
)
Overfull \hbox (0.96997pt too wide) in paragraph at lines 35--36
\T1/cmr/m/n/10 You can eas-ily down-load pub-lic se-quences from the NCBI Se-qu
ence Read Archive
 []

[4

] [5] (./figures/fig2.tex
<misc/tree.png, id=206, 1402.23875pt x 1155.31625pt>
File: misc/tree.png Graphic file (type png)
<use misc/tree.png>
Package pdftex.def Info: misc/tree.png  used on input line 4.
(pdftex.def)             Requested size: 345.0pt x 284.2449pt.
)
Overfull \hbox (15.18057pt too wide) in paragraph at lines 145--146
\T1/cmr/m/n/10 quired. For ex-am-ple, the fol-low-ing com-mand will pro-duce SR
R5487396_R1.fastq.gz
 []

[6] [7 <./misc/tree.png>]
Overfull \hbox (11.91284pt too wide) in paragraph at lines 155--155
[]\T1/cmtt/m/n/10 qsub -V -S /bin/bash -cwd -j y -pe smp 12 faster-qdump_sequen
tial.sh[] 
 []


Overfull \hbox (6.66412pt too wide) in paragraph at lines 175--175
[]\T1/cmtt/m/n/10 qsub -V -S /bin/bash -cwd -j y -t 1-24 -pe smp 4 parallel_tas
k.sh \[] 
 []


Overfull \hbox (38.15643pt too wide) in paragraph at lines 193--193
[]\T1/cmtt/m/n/10 qsub -V -S /bin/bash -cwd -j y -t 1-24 -pe smp 4 faster-qdump
_parallel.sh[] 
 []

[8]) [9]
\openout2 = `Methods.aux'.

 (./Methods.tex
Overfull \hbox (43.40515pt too wide) in paragraph at lines 20--20
[]\T1/cmtt/m/n/10 STAR/STARgenomes/Old/ENSEMBL/bos_taurus/Bos_taurus.UMD3.1.dna
.toplevel.fa;[] 
 []

[10


]
Overfull \hbox (11.91284pt too wide) in paragraph at lines 66--66
[]\T1/cmtt/m/n/10 --readFilesIn  ./$input/$input"_1.fastq" ./$input/$input"_2.f
astq" \[] 
 []


Overfull \hbox (11.91284pt too wide) in paragraph at lines 98--98
[]\T1/cmtt/m/n/10 --readFilesIn  ./$input/$input"_1.fastq" ./$input/$input"_2.f
astq" \[] 
 []


Overfull \hbox (11.91284pt too wide) in paragraph at lines 98--98
[]\T1/cmtt/m/n/10 --outTmpDir ../analysis/STAR/output_2nd_pass/_STARtmp_$SGE_TA
SK_ID \[] 
 []

[11]
Overfull \hbox (59.1513pt too wide) in paragraph at lines 130--130
[]\T1/cmtt/m/n/10 input=$(head -n $SGE_TASK_ID bam.list | tail -n 1 | xargs bas
ename -s '.bam')[] 
 []

[12]
Overfull \hbox (6.66412pt too wide) in paragraph at lines 177--177
[]\T1/cmtt/m/n/10 cut -f 1 -d ',' ../../metadata/metadata.txt | tail -n +2 > RG
LB.txt[] 
 []


Overfull \hbox (6.66412pt too wide) in paragraph at lines 177--177
[]\T1/cmtt/m/n/10 cut -f 5 -d ',' ../../metadata/metadata.txt | tail -n +2 > RG
PU.txt[] 
 []

[13]
Overfull \hbox (6.66412pt too wide) in paragraph at lines 231--231
[]\T1/cmtt/m/n/10 SAMPLES="$HOME/jsb/springer2/RNAseq_GATK_JGW/metadata/samples
.list"[] 
 []


Overfull \hbox (48.65387pt too wide) in paragraph at lines 231--231
[]\T1/cmtt/m/n/10 BAMPATH="$HOME/jsb/springer2/RNAseq_GATK_JGW/analysis/STAR/ou
tput_2nd_pass"[] 
 []


Overfull \hbox (6.66412pt too wide) in paragraph at lines 231--231
[]\T1/cmtt/m/n/10 OUTPUT="$HOME/jsb/springer2/RNAseq_GATK_JGW/analysis/addReadG
roups"[] 
 []

[14]
Overfull \hbox (51.8031pt too wide) in paragraph at lines 253--253
[]\T1/cmtt/m/n/9 @RG ID:C5NL3ACXX.1.CAGATC LB:A_CTL24 PL:ILLUMINA SM:SRR5487372
 PU:C5NL3ACXX.1.CAGATC[] 
 []


Overfull \hbox (51.8031pt too wide) in paragraph at lines 253--253
[]\T1/cmtt/m/n/9 @RG ID:C5NL3ACXX.1.TGACCA LB:A_MAP24 PL:ILLUMINA SM:SRR5487376
 PU:C5NL3ACXX.1.TGACCA[] 
 []


Overfull \hbox (51.8031pt too wide) in paragraph at lines 253--253
[]\T1/cmtt/m/n/9 @RG ID:C5NL3ACXX.3.TGACCA LB:B_CTL24 PL:ILLUMINA SM:SRR5487378
 PU:C5NL3ACXX.3.TGACCA[] 
 []


Overfull \hbox (51.8031pt too wide) in paragraph at lines 253--253
[]\T1/cmtt/m/n/9 @RG ID:C5NL3ACXX.3.GTGAAA LB:B_MAP24 PL:ILLUMINA SM:SRR5487382
 PU:C5NL3ACXX.3.GTGAAA[] 
 []

[15]
Overfull \hbox (45.36667pt too wide) in paragraph at lines 292--293
[]\T1/cmr/m/n/10 Here we use the Bovine Genome Database [][]https://bovinegenom
e.elsiklab.missouri.edu/[][]
 []


Overfull \hbox (47.97702pt too wide) in paragraph at lines 311--312
\T1/cmr/m/n/10 ones in the STAR genome. If you in-spect the fasta head-ers of t
he UMD3.1_chromosomes.fa,
 []

[16]
Overfull \hbox (53.90259pt too wide) in paragraph at lines 350--350
[]\T1/cmtt/m/n/10 sed -r s'/^>.+Chromosome\s+(\S+)\s+.+/>\1/' UMD3.1_chromosome
s.fa > temp1.fa[] 
 []


Overfull \hbox (43.40515pt too wide) in paragraph at lines 350--350
[]\T1/cmtt/m/n/10 # To deal with the unassigned scaffolds (accessions that begi
n with "GJ").[] 
 []


Overfull \hbox (32.29675pt too wide) in paragraph at lines 354--355
\T1/cmr/m/n/10 file end-ing in .dict and an in-dex file end-ing in .fai.[][]htt
ps://gatk.broadinstitute.org/hc/en-
 []

[17] [18] [19] [20]
Overfull \hbox (53.87262pt too wide) in paragraph at lines 524--525
\T1/cmr/m/n/10 and com-put-ing val-ues stored in the VCF INFO fields( [][]https
://gatk.broadinstitute.org/hc/en-
 []


Overfull \hbox (64.7055pt too wide) in paragraph at lines 561--562
\T1/cmr/m/n/10 Geno-type-GVCFs com-mand ( [][]https://gatk.broadinstitute.org/h
c/en-us/articles/360037057852-
 []

[21] [22]
Overfull \hbox (17.16156pt too wide) in paragraph at lines 613--613
[]\T1/cmtt/m/n/10 bcftools view -H -s SRR5487378,SRR5487390 -r 1:1-100000 outpu
t.vcf.gz[] 
 []

[23]
Overfull \hbox (69.64874pt too wide) in paragraph at lines 665--665
[]\T1/cmtt/m/n/10 bcftools view --apply-filters .,PASS filtered.vcf.gz | bgzip 
-c > purged.vcf.gz[] 
 []


Overfull \hbox (17.16156pt too wide) in paragraph at lines 682--682
[]\T1/cmtt/m/n/10 bcftools filter -i 'FS > 60' purged.vcf.gz | bcftools view -H
 | wc -l[] 
 []


Overfull \hbox (22.41028pt too wide) in paragraph at lines 689--689
[]\T1/cmtt/m/n/10 bcftools filter -i 'QD < 2.0' purged.vcf.gz | bcftools view -
H | wc -l[] 
 []


Overfull \hbox (80.14618pt too wide) in paragraph at lines 697--697
[]\T1/cmtt/m/n/10 bcftools filter -i 'FS > 60 || QD < 2.0' purged.vcf.gz | bcft
ools view -H | wc -l[] 
 []


Overfull \hbox (85.3949pt too wide) in paragraph at lines 704--704
[]\T1/cmtt/m/n/10 bcftools filter -e 'FS > 60 || QD < 2.0' purged.vcf.gz | bgzi
p -c > newfile.vcf.gz[] 
 []


Overfull \hbox (74.89746pt too wide) in paragraph at lines 711--711
[]\T1/cmtt/m/n/10 bcftools filter -e "QUAL < 20.0 && INFO/DP < 10" output.vcf.g
z > filtered.vcf.gz[] 
 []


Overfull \hbox (1.35986pt too wide) in paragraph at lines 713--714
\T1/cmr/m/n/10 found at [][]https://gatk.broadinstitute.org/hc/en-us/articles/3
60035890471-Hard-
 []


LaTeX Warning: Reference `https://software.broadinstitute.org/software/igv/' on
 page 24 undefined on input line 720.

[24] (./figures/fig3.tex
<misc/SRR5487372_chr11_15068672T_C.png, id=323, 862.22125pt x 924.45375pt>
File: misc/SRR5487372_chr11_15068672T_C.png Graphic file (type png)
<use misc/SRR5487372_chr11_15068672T_C.png>
Package pdftex.def Info: misc/SRR5487372_chr11_15068672T_C.png  used on input l
ine 4.
(pdftex.def)             Requested size: 345.0pt x 369.8878pt.
) [25] [26 <./misc/SRR5487372_chr11_15068672T_C.png>])
[27] (./ms.bbl
LaTeX Font Info:    External font `cmex10' loaded for size
(Font)              <7> on input line 14.
LaTeX Font Info:    External font `cmex10' loaded for size
(Font)              <5> on input line 14.

Overfull \hbox (72.23401pt too wide) in paragraph at lines 22--27
\T1/cmtt/m/n/10 360035889711-[]Are-[]there-[]Best-[]Practices-[]for-[]calling-[
]variants-[]in-[]RNAseq-[]data-[]$[][]\T1/cmr/m/n/10 . 
 []


Underfull \hbox (badness 3302) in paragraph at lines 29--33
[]\T1/cmr/m/n/10 GATK.  Rnaseq short vari-ant dis-cov-ery (snps + in-dels), 202
1.
 []


Underfull \hbox (badness 10000) in paragraph at lines 29--33
\T1/cmr/m/n/10 URL [][]$\T1/cmtt/m/n/10 https : / / gatk . broadinstitute . org
 / hc / en-[]us / articles /
 []


Underfull \hbox (badness 1990) in paragraph at lines 51--55
[]\T1/cmr/m/n/10 GATK.  Germline short vari-ant dis-cov-ery (snps + in-dels), 2
021.
 []


Underfull \hbox (badness 10000) in paragraph at lines 51--55
\T1/cmr/m/n/10 URL [][]$\T1/cmtt/m/n/10 https : / / gatk . broadinstitute . org
 / hc / en-[]us / articles /
 []


Underfull \hbox (badness 10000) in paragraph at lines 57--62
\T1/cmr/m/n/10 URL [][]$\T1/cmtt/m/n/10 https : / / gatk . broadinstitute . org
 / hc / en-[]us / articles /
 []


Overfull \hbox (34.49298pt too wide) in paragraph at lines 57--62
\T1/cmtt/m/n/10 360035890431-[]The-[]logic-[]of-[]joint-[]calling-[]for-[]germl
ine-[]short-[]variants$[][]\T1/cmr/m/n/10 . 
 []

[28

]
Underfull \hbox (badness 10000) in paragraph at lines 99--103
[]\T1/cmr/m/n/10 GATK.  Base qual-ity score re-cal-i-bra-tion, 2021.  URL
 []


Underfull \hbox (badness 10000) in paragraph at lines 99--103
[][]$\T1/cmtt/m/n/10 https : / / gatk . broadinstitute . org / hc / en-[]us / a
rticles /
 []

)
Package atveryend Info: Empty hook `BeforeClearDocument' on input line 50.
 [29]
Package atveryend Info: Empty hook `AfterLastShipout' on input line 50.
 (./ms.aux (./Materials.aux) (./Methods.aux))
Package atveryend Info: Executing hook `AtVeryEndDocument' on input line 50.
Package atveryend Info: Executing hook `AtEndAfterFileList' on input line 50.
Package rerunfilecheck Info: File `ms.out' has not changed.
(rerunfilecheck)             Checksum: FD25002EB499F5B20202B935409630C1;2919.


LaTeX Warning: There were undefined references.

Package atveryend Info: Empty hook `AtVeryVeryEnd' on input line 50.
 ) 
Here is how much of TeX's memory you used:
 6013 strings out of 483183
 90934 string characters out of 5966292
 347106 words of memory out of 5000000
 20819 multiletter control sequences out of 15000+600000
 543317 words of font info for 45 fonts, out of 8000000 for 9000
 14 hyphenation exceptions out of 8191
 34i,6n,32p,1018b,448s stack positions out of 5000i,500n,10000p,200000b,80000s
 </home/brouardjs/.texlive2019/texmf-var/fonts/pk/ljfour/jknappen/ec/ectt0900
.600pk> </home/brouardjs/.texlive2019/texmf-var/fonts/pk/ljfour/jknappen/ec/ect
i1000.600pk> </home/brouardjs/.texlive2019/texmf-var/fonts/pk/ljfour/jknappen/e
c/ectt1000.600pk> </home/brouardjs/.texlive2019/texmf-var/fonts/pk/ljfour/jknap
pen/ec/ecbx1000.600pk> </home/brouardjs/.texlive2019/texmf-var/fonts/pk/ljfour/
jknappen/ec/ecbx1200.600pk> </home/brouardjs/.texlive2019/texmf-var/fonts/pk/lj
four/jknappen/ec/ecrm1000.600pk> </home/brouardjs/.texlive2019/texmf-var/fonts/
pk/ljfour/jknappen/ec/ecbx1440.600pk> </home/brouardjs/.texlive2019/texmf-var/f
onts/pk/ljfour/jknappen/ec/ecrm0900.600pk> </home/brouardjs/.texlive2019/texmf-
var/fonts/pk/ljfour/jknappen/ec/ecbx0900.600pk> </home/brouardjs/.texlive2019/t
exmf-var/fonts/pk/ljfour/jknappen/ec/ecrm1200.600pk> </home/brouardjs/.texlive2
019/texmf-var/fonts/pk/ljfour/jknappen/ec/ecrm1728.600pk>
Output written on ms.pdf (29 pages, 487706 bytes).
PDF statistics:
 871 PDF objects out of 1000 (max. 8388607)
 379 compressed objects within 4 object streams
 84 named destinations out of 1000 (max. 500000)
 304 words of extra memory for PDF output out of 10000 (max. 10000000)

